<?xml version="1.0" encoding="UTF-8"?>
<!-- Generated by org.testng.reporters.JUnitXMLReporter -->
<testsuite ignored="0" hostname="DESKTOP-HBGLQ0J" failures="0" tests="6" name="Default test" time="10.253" errors="0" timestamp="2023-07-21T02:02:16 IST">
  <testcase classname="api.test.DDTests" name="testPostuser" time="3.008"/>
  <testcase classname="api.test.DDTests" name="testPostuser" time="1.158"/>
  <testcase classname="api.test.DDTests" name="testPostuser" time="1.152"/>
  <testcase classname="api.test.DDTests" name="testDeleteUserByName" time="1.203"/>
  <testcase classname="api.test.DDTests" name="testDeleteUserByName" time="1.147"/>
  <testcase classname="api.test.DDTests" name="testDeleteUserByName" time="1.114"/>
</testsuite> <!-- Default test -->
