<?xml version="1.0" encoding="UTF-8"?>
<!-- Generated by org.testng.reporters.JUnitXMLReporter -->
<testsuite ignored="0" hostname="DESKTOP-HBGLQ0J" failures="0" tests="4" name="PetTests" time="10.936" errors="0" timestamp="2023-07-22T00:36:46 IST">
  <testcase classname="api.test.UserTests2" name="testPostUser" time="3.716"/>
  <testcase classname="api.test.UserTests2" name="testGetUserByName" time="1.507"/>
  <testcase classname="api.test.UserTests2" name="testUpdateUserByName" time="3.06"/>
  <testcase classname="api.test.UserTests2" name="testDeleteUserByName" time="1.33"/>
</testsuite> <!-- PetTests -->
